mode: set
redditclone/pkg/user/delivery/httpUser.go:33.71,36.16 3 1
redditclone/pkg/user/delivery/httpUser.go:36.16,40.3 3 1
redditclone/pkg/user/delivery/httpUser.go:42.2,43.16 2 1
redditclone/pkg/user/delivery/httpUser.go:43.16,46.3 2 0
redditclone/pkg/user/delivery/httpUser.go:48.2,49.18 2 1
redditclone/pkg/user/delivery/httpUser.go:49.18,51.16 2 1
redditclone/pkg/user/delivery/httpUser.go:52.26,55.10 3 1
redditclone/pkg/user/delivery/httpUser.go:56.11,59.10 3 1
redditclone/pkg/user/delivery/httpUser.go:62.2,63.16 2 1
redditclone/pkg/user/delivery/httpUser.go:63.16,66.3 2 1
redditclone/pkg/user/delivery/httpUser.go:67.2,71.68 3 1
redditclone/pkg/user/delivery/httpUser.go:74.70,77.16 3 1
redditclone/pkg/user/delivery/httpUser.go:77.16,81.3 3 1
redditclone/pkg/user/delivery/httpUser.go:83.2,84.16 2 1
redditclone/pkg/user/delivery/httpUser.go:84.16,86.14 2 1
redditclone/pkg/user/delivery/httpUser.go:87.29,90.10 3 1
redditclone/pkg/user/delivery/httpUser.go:91.24,94.10 3 1
redditclone/pkg/user/delivery/httpUser.go:95.11,98.10 3 1
redditclone/pkg/user/delivery/httpUser.go:102.2,103.16 2 1
redditclone/pkg/user/delivery/httpUser.go:103.16,107.3 3 1
redditclone/pkg/user/delivery/httpUser.go:109.2,114.66 3 1
redditclone/pkg/user/delivery/httpUser_mock.go:33.79,37.2 3 1
redditclone/pkg/user/delivery/httpUser_mock.go:40.77,42.2 1 1
redditclone/pkg/user/delivery/httpUser_mock.go:45.82,51.2 5 1
redditclone/pkg/user/delivery/httpUser_mock.go:54.85,57.2 2 1
redditclone/pkg/user/delivery/httpUser_mock.go:60.72,66.2 5 1
redditclone/pkg/user/delivery/httpUser_mock.go:69.82,72.2 2 1
redditclone/pkg/user/delivery/httpUser_mock.go:87.85,91.2 3 1
redditclone/pkg/user/delivery/httpUser_mock.go:94.83,96.2 1 1
redditclone/pkg/user/delivery/httpUser_mock.go:99.101,105.2 5 1
redditclone/pkg/user/delivery/httpUser_mock.go:108.83,111.2 2 1
