mode: set
redditclone/pkg/post/repo/abstract_layer_mock.go:33.73,37.2 3 0
redditclone/pkg/post/repo/abstract_layer_mock.go:40.71,42.2 1 0
redditclone/pkg/post/repo/abstract_layer_mock.go:45.71,50.2 4 0
redditclone/pkg/post/repo/abstract_layer_mock.go:53.77,56.2 2 0
redditclone/pkg/post/repo/abstract_layer_mock.go:71.77,75.2 3 1
redditclone/pkg/post/repo/abstract_layer_mock.go:78.75,80.2 1 1
redditclone/pkg/post/repo/abstract_layer_mock.go:83.148,86.25 3 0
redditclone/pkg/post/repo/abstract_layer_mock.go:86.25,88.3 1 0
redditclone/pkg/post/repo/abstract_layer_mock.go:89.2,92.19 4 0
redditclone/pkg/post/repo/abstract_layer_mock.go:96.98,100.2 3 0
redditclone/pkg/post/repo/abstract_layer_mock.go:103.137,106.25 3 1
redditclone/pkg/post/repo/abstract_layer_mock.go:106.25,108.3 1 0
redditclone/pkg/post/repo/abstract_layer_mock.go:109.2,112.19 4 1
redditclone/pkg/post/repo/abstract_layer_mock.go:116.93,120.2 3 1
redditclone/pkg/post/repo/abstract_layer_mock.go:123.140,126.25 3 1
redditclone/pkg/post/repo/abstract_layer_mock.go:126.25,128.3 1 0
redditclone/pkg/post/repo/abstract_layer_mock.go:129.2,131.13 3 1
redditclone/pkg/post/repo/abstract_layer_mock.go:135.96,139.2 3 1
redditclone/pkg/post/repo/abstract_layer_mock.go:142.166,145.25 3 1
redditclone/pkg/post/repo/abstract_layer_mock.go:145.25,147.3 1 1
redditclone/pkg/post/repo/abstract_layer_mock.go:148.2,150.13 3 1
redditclone/pkg/post/repo/abstract_layer_mock.go:154.113,158.2 3 1
redditclone/pkg/post/repo/abstract_layer_mock.go:161.158,164.25 3 1
redditclone/pkg/post/repo/abstract_layer_mock.go:164.25,166.3 1 0
redditclone/pkg/post/repo/abstract_layer_mock.go:167.2,170.19 4 1
redditclone/pkg/post/repo/abstract_layer_mock.go:174.100,178.2 3 1
redditclone/pkg/post/repo/abstract_layer_mock.go:181.158,184.25 3 1
redditclone/pkg/post/repo/abstract_layer_mock.go:184.25,186.3 1 0
redditclone/pkg/post/repo/abstract_layer_mock.go:187.2,190.19 4 1
redditclone/pkg/post/repo/abstract_layer_mock.go:194.103,198.2 3 1
redditclone/pkg/post/repo/abstract_layer_mock.go:213.81,217.2 3 1
redditclone/pkg/post/repo/abstract_layer_mock.go:220.79,222.2 1 1
redditclone/pkg/post/repo/abstract_layer_mock.go:225.54,230.2 4 1
redditclone/pkg/post/repo/abstract_layer_mock.go:233.74,236.2 2 1
redditclone/pkg/post/repo/abstract_layer_mock.go:239.46,244.2 4 1
redditclone/pkg/post/repo/abstract_layer_mock.go:247.66,250.2 2 1
redditclone/pkg/post/repo/abstract_layer_mock.go:265.81,269.2 3 1
redditclone/pkg/post/repo/abstract_layer_mock.go:272.79,274.2 1 0
redditclone/pkg/post/repo/abstract_layer_mock.go:289.87,293.2 3 1
redditclone/pkg/post/repo/abstract_layer_mock.go:296.85,298.2 1 1
redditclone/pkg/post/repo/abstract_layer_mock.go:301.54,306.2 4 1
redditclone/pkg/post/repo/abstract_layer_mock.go:309.76,312.2 2 1
redditclone/pkg/post/repo/abstract_layer_mock.go:327.71,331.2 3 0
redditclone/pkg/post/repo/abstract_layer_mock.go:334.69,336.2 1 0
redditclone/pkg/post/repo/abstract_layer_mock.go:351.69,355.2 3 1
redditclone/pkg/post/repo/abstract_layer_mock.go:358.67,360.2 1 1
redditclone/pkg/post/repo/abstract_layer_mock.go:363.70,368.2 4 1
redditclone/pkg/post/repo/abstract_layer_mock.go:371.74,374.2 2 1
redditclone/pkg/post/repo/abstract_layer_mock.go:377.62,382.2 4 0
redditclone/pkg/post/repo/abstract_layer_mock.go:385.70,388.2 2 0
redditclone/pkg/post/repo/abstract_layer_mock.go:391.51,396.2 4 0
redditclone/pkg/post/repo/abstract_layer_mock.go:399.71,402.2 2 0
redditclone/pkg/post/repo/abstract_layer_mock.go:405.60,410.2 4 0
redditclone/pkg/post/repo/abstract_layer_mock.go:413.69,416.2 2 0
redditclone/pkg/post/repo/repo_posts_mongo.go:19.48,21.2 1 0
redditclone/pkg/post/repo/repo_posts_mongo.go:23.55,28.16 5 1
redditclone/pkg/post/repo/repo_posts_mongo.go:28.16,30.3 1 1
redditclone/pkg/post/repo/repo_posts_mongo.go:32.2,33.16 2 1
redditclone/pkg/post/repo/repo_posts_mongo.go:33.16,35.3 1 0
redditclone/pkg/post/repo/repo_posts_mongo.go:36.2,36.19 1 1
redditclone/pkg/post/repo/repo_posts_mongo.go:39.75,46.16 6 0
redditclone/pkg/post/repo/repo_posts_mongo.go:46.16,48.3 1 0
redditclone/pkg/post/repo/repo_posts_mongo.go:49.2,50.16 2 0
redditclone/pkg/post/repo/repo_posts_mongo.go:50.16,52.3 1 0
redditclone/pkg/post/repo/repo_posts_mongo.go:53.2,53.19 1 0
redditclone/pkg/post/repo/repo_posts_mongo.go:56.73,62.16 5 1
redditclone/pkg/post/repo/repo_posts_mongo.go:62.16,64.3 1 0
redditclone/pkg/post/repo/repo_posts_mongo.go:65.2,66.16 2 1
redditclone/pkg/post/repo/repo_posts_mongo.go:66.16,68.3 1 0
redditclone/pkg/post/repo/repo_posts_mongo.go:69.2,69.19 1 1
redditclone/pkg/post/repo/repo_posts_mongo.go:72.72,76.18 4 1
redditclone/pkg/post/repo/repo_posts_mongo.go:76.18,78.3 1 1
redditclone/pkg/post/repo/repo_posts_mongo.go:79.2,82.22 4 1
redditclone/pkg/post/repo/repo_posts_mongo.go:82.22,84.3 1 0
redditclone/pkg/post/repo/repo_posts_mongo.go:86.2,86.18 1 1
redditclone/pkg/post/repo/repo_posts_mongo.go:89.62,94.16 5 1
redditclone/pkg/post/repo/repo_posts_mongo.go:94.16,96.3 1 0
redditclone/pkg/post/repo/repo_posts_mongo.go:97.2,99.15 3 1
redditclone/pkg/post/repo/repo_posts_mongo.go:102.94,117.22 8 1
redditclone/pkg/post/repo/repo_posts_mongo.go:117.22,119.3 1 0
redditclone/pkg/post/repo/repo_posts_mongo.go:120.2,120.25 1 1
redditclone/pkg/post/repo/repo_posts_mongo.go:123.91,135.22 6 0
redditclone/pkg/post/repo/repo_posts_mongo.go:135.22,137.3 1 0
redditclone/pkg/post/repo/repo_posts_mongo.go:138.2,138.25 1 0
redditclone/pkg/post/repo/repo_posts_mongo.go:141.61,146.16 4 0
redditclone/pkg/post/repo/repo_posts_mongo.go:146.16,148.3 1 0
redditclone/pkg/post/repo/repo_posts_mongo.go:149.2,149.12 1 0
redditclone/pkg/post/repo/repo_posts_mongo.go:152.82,154.2 1 1
redditclone/pkg/post/repo/repo_posts_mongo.go:156.84,158.2 1 0
redditclone/pkg/post/repo/repo_posts_mongo.go:159.82,161.2 1 0
redditclone/pkg/post/repo/repo_posts_mongo.go:163.94,169.16 5 1
redditclone/pkg/post/repo/repo_posts_mongo.go:169.16,171.3 1 0
redditclone/pkg/post/repo/repo_posts_mongo.go:173.2,174.38 2 1
redditclone/pkg/post/repo/repo_posts_mongo.go:174.38,175.25 1 1
redditclone/pkg/post/repo/repo_posts_mongo.go:175.25,177.9 2 1
redditclone/pkg/post/repo/repo_posts_mongo.go:181.2,181.9 1 1
redditclone/pkg/post/repo/repo_posts_mongo.go:182.21,183.15 1 1
redditclone/pkg/post/repo/repo_posts_mongo.go:184.10,185.24 1 1
redditclone/pkg/post/repo/repo_posts_mongo.go:185.24,187.5 1 1
redditclone/pkg/post/repo/repo_posts_mongo.go:188.4,188.19 1 1
redditclone/pkg/post/repo/repo_posts_mongo.go:189.11,190.25 1 0
redditclone/pkg/post/repo/repo_posts_mongo.go:190.25,192.5 1 0
redditclone/pkg/post/repo/repo_posts_mongo.go:193.4,193.20 1 0
redditclone/pkg/post/repo/repo_posts_mongo.go:194.10,195.24 1 0
redditclone/pkg/post/repo/repo_posts_mongo.go:195.24,197.5 1 0
redditclone/pkg/post/repo/repo_posts_mongo.go:197.10,197.32 1 0
redditclone/pkg/post/repo/repo_posts_mongo.go:197.32,199.5 1 0
redditclone/pkg/post/repo/repo_posts_mongo.go:200.4,200.19 1 0
redditclone/pkg/post/repo/repo_posts_mongo.go:202.10,203.30 1 0
redditclone/pkg/post/repo/repo_posts_mongo.go:203.30,206.4 2 0
redditclone/pkg/post/repo/repo_posts_mongo.go:208.2,216.15 3 1
redditclone/pkg/post/repo/repo_posts_mongo.go:216.15,218.3 1 0
redditclone/pkg/post/repo/repo_posts_mongo.go:218.8,220.3 1 1
redditclone/pkg/post/repo/repo_posts_mongo.go:222.2,229.22 2 1
redditclone/pkg/post/repo/repo_posts_mongo.go:229.22,231.3 1 0
redditclone/pkg/post/repo/repo_posts_mongo.go:233.2,235.16 3 1
redditclone/pkg/post/repo/repo_posts_mongo.go:235.16,237.3 1 0
redditclone/pkg/post/repo/repo_posts_mongo.go:239.2,239.26 1 1
redditclone/pkg/post/repo/repo_posts_mongo.go:242.52,244.19 2 1
redditclone/pkg/post/repo/repo_posts_mongo.go:244.19,246.3 1 0
redditclone/pkg/post/repo/repo_posts_mongo.go:247.2,248.26 2 1
redditclone/pkg/post/repo/repo_posts_mongo.go:248.26,249.18 1 1
redditclone/pkg/post/repo/repo_posts_mongo.go:249.18,251.4 1 1
redditclone/pkg/post/repo/repo_posts_mongo.go:252.3,252.18 1 1
redditclone/pkg/post/repo/repo_posts_mongo.go:252.18,254.4 1 0
redditclone/pkg/post/repo/repo_posts_mongo.go:256.2,256.18 1 1
redditclone/pkg/post/repo/repo_posts_mongo.go:256.18,258.3 1 0
redditclone/pkg/post/repo/repo_posts_mongo.go:260.2,260.63 1 1
redditclone/pkg/post/repo/types.go:68.59,70.2 1 0
redditclone/pkg/post/repo/types.go:71.43,73.2 1 0
redditclone/pkg/post/repo/types.go:75.51,77.2 1 0
redditclone/pkg/post/repo/types.go:79.57,81.2 1 0
redditclone/pkg/post/repo/types.go:83.55,85.2 1 0
redditclone/pkg/post/repo/types.go:87.54,89.2 1 0
redditclone/pkg/post/repo/types.go:91.68,93.2 1 0
redditclone/pkg/post/repo/types.go:95.36,97.2 1 0
redditclone/pkg/post/repo/types.go:99.141,102.2 2 0
redditclone/pkg/post/repo/types.go:104.144,107.2 2 0
redditclone/pkg/post/repo/types.go:109.182,112.2 2 0
redditclone/pkg/post/repo/types.go:114.158,117.2 2 0
redditclone/pkg/post/repo/types.go:119.154,122.2 2 0
redditclone/pkg/post/repo/types.go:124.144,127.2 2 0
