mode: set
redditclone/pkg/post/delivery/httpPost.go:37.70,40.16 3 1
redditclone/pkg/post/delivery/httpPost.go:40.16,44.3 3 0
redditclone/pkg/post/delivery/httpPost.go:46.2,46.47 1 1
redditclone/pkg/post/delivery/httpPost.go:49.80,53.16 4 1
redditclone/pkg/post/delivery/httpPost.go:53.16,56.3 2 0
redditclone/pkg/post/delivery/httpPost.go:57.2,57.48 1 1
redditclone/pkg/post/delivery/httpPost.go:60.77,64.16 4 1
redditclone/pkg/post/delivery/httpPost.go:64.16,67.3 2 0
redditclone/pkg/post/delivery/httpPost.go:68.2,68.48 1 1
redditclone/pkg/post/delivery/httpPost.go:71.73,74.16 3 1
redditclone/pkg/post/delivery/httpPost.go:74.16,78.3 3 1
redditclone/pkg/post/delivery/httpPost.go:80.2,81.18 2 1
redditclone/pkg/post/delivery/httpPost.go:81.18,84.3 2 0
redditclone/pkg/post/delivery/httpPost.go:85.2,85.17 1 1
redditclone/pkg/post/delivery/httpPost.go:85.17,88.3 2 0
redditclone/pkg/post/delivery/httpPost.go:89.2,89.47 1 1
redditclone/pkg/post/delivery/httpPost.go:92.73,97.16 4 1
redditclone/pkg/post/delivery/httpPost.go:97.16,101.3 3 0
redditclone/pkg/post/delivery/httpPost.go:103.2,104.28 2 1
redditclone/pkg/post/delivery/httpPost.go:104.28,107.3 2 0
redditclone/pkg/post/delivery/httpPost.go:109.2,110.16 2 1
redditclone/pkg/post/delivery/httpPost.go:110.16,113.3 2 1
redditclone/pkg/post/delivery/httpPost.go:115.2,117.18 3 1
redditclone/pkg/post/delivery/httpPost.go:117.18,120.3 2 0
redditclone/pkg/post/delivery/httpPost.go:122.2,123.79 2 1
redditclone/pkg/post/delivery/httpPost.go:126.72,129.16 3 1
redditclone/pkg/post/delivery/httpPost.go:129.16,133.3 3 0
redditclone/pkg/post/delivery/httpPost.go:134.2,135.16 2 1
redditclone/pkg/post/delivery/httpPost.go:135.16,138.3 2 1
redditclone/pkg/post/delivery/httpPost.go:140.2,141.18 2 1
redditclone/pkg/post/delivery/httpPost.go:141.18,144.3 2 0
redditclone/pkg/post/delivery/httpPost.go:145.2,145.17 1 1
redditclone/pkg/post/delivery/httpPost.go:145.17,148.3 2 0
redditclone/pkg/post/delivery/httpPost.go:149.2,149.35 1 1
redditclone/pkg/post/delivery/httpPost.go:149.35,153.3 3 1
redditclone/pkg/post/delivery/httpPost.go:155.2,156.19 2 1
redditclone/pkg/post/delivery/httpPost.go:156.19,160.3 3 0
redditclone/pkg/post/delivery/httpPost.go:162.2,165.77 3 1
redditclone/pkg/post/delivery/httpPost.go:168.72,170.2 1 1
redditclone/pkg/post/delivery/httpPost.go:172.74,174.2 1 0
redditclone/pkg/post/delivery/httpPost.go:176.72,178.2 1 0
redditclone/pkg/post/delivery/httpPost.go:180.80,185.16 5 1
redditclone/pkg/post/delivery/httpPost.go:185.16,189.3 3 1
redditclone/pkg/post/delivery/httpPost.go:190.2,191.16 2 1
redditclone/pkg/post/delivery/httpPost.go:191.16,194.3 2 1
redditclone/pkg/post/delivery/httpPost.go:196.2,196.14 1 1
redditclone/pkg/post/delivery/httpPost.go:197.9,198.53 1 1
redditclone/pkg/post/delivery/httpPost.go:199.10,200.55 1 0
redditclone/pkg/post/delivery/httpPost.go:201.9,202.53 1 0
redditclone/pkg/post/delivery/httpPost.go:204.2,204.18 1 1
redditclone/pkg/post/delivery/httpPost.go:204.18,207.3 2 0
redditclone/pkg/post/delivery/httpPost.go:209.2,210.82 2 1
redditclone/pkg/post/delivery/httpPost.go:213.42,214.25 1 1
redditclone/pkg/post/delivery/httpPost.go:214.25,215.22 1 1
redditclone/pkg/post/delivery/httpPost.go:215.22,217.4 1 0
redditclone/pkg/post/delivery/httpPost.go:218.3,218.44 1 1
redditclone/pkg/post/delivery/httpPost.go:218.44,220.4 1 0
redditclone/pkg/post/delivery/httpPost.go:221.8,222.21 1 0
redditclone/pkg/post/delivery/httpPost.go:222.21,224.4 1 0
redditclone/pkg/post/delivery/httpPost.go:225.3,225.35 1 0
redditclone/pkg/post/delivery/httpPost.go:225.35,227.4 1 0
redditclone/pkg/post/delivery/httpPost.go:229.2,229.12 1 1
redditclone/pkg/post/delivery/httpPost_mock.go:33.79,37.2 3 1
redditclone/pkg/post/delivery/httpPost_mock.go:40.77,42.2 1 1
redditclone/pkg/post/delivery/httpPost_mock.go:45.74,51.2 5 1
redditclone/pkg/post/delivery/httpPost_mock.go:54.73,57.2 2 1
redditclone/pkg/post/delivery/httpPost_mock.go:60.67,65.2 4 1
redditclone/pkg/post/delivery/httpPost_mock.go:68.77,71.2 2 1
redditclone/pkg/post/delivery/httpPost_mock.go:74.92,80.2 5 0
redditclone/pkg/post/delivery/httpPost_mock.go:83.84,86.2 2 0
redditclone/pkg/post/delivery/httpPost_mock.go:89.81,95.2 5 1
redditclone/pkg/post/delivery/httpPost_mock.go:98.82,101.2 2 1
redditclone/pkg/post/delivery/httpPost_mock.go:104.83,110.2 5 1
redditclone/pkg/post/delivery/httpPost_mock.go:113.84,116.2 2 1
redditclone/pkg/post/delivery/httpPost_mock.go:119.82,125.2 5 1
redditclone/pkg/post/delivery/httpPost_mock.go:128.78,131.2 2 1
redditclone/pkg/post/delivery/httpPost_mock.go:134.64,140.2 5 1
redditclone/pkg/post/delivery/httpPost_mock.go:143.68,146.2 2 1
redditclone/pkg/post/delivery/httpPost_mock.go:149.90,155.2 5 0
redditclone/pkg/post/delivery/httpPost_mock.go:158.82,161.2 2 0
redditclone/pkg/post/delivery/httpPost_mock.go:164.90,170.2 5 1
redditclone/pkg/post/delivery/httpPost_mock.go:173.82,176.2 2 1
